生成启动时间为 2014/7/16 星期三 15:05:55。
     1>项目“E:\myhub\newGame\tree\lookForTree\lookForTree\lookForTree.vcxproj”在节点 2 上(Build 个目标)。
     1>ClCompile:
         D:\Program Files (x86)\Microsoft Visual Studio 11.0\VC\bin\CL.exe /c /ZI /nologo /W3 /WX- /Od /Oy- /D WIN32 /D _DEBUG /D _CONSOLE /D _UNICODE /D UNICODE /Gm /EHsc /RTC1 /MDd /GS /fp:precise /Zc:wchar_t /Zc:forScope /Fo"Debug\\" /Fd"Debug\vc110.pdb" /Gd /TP /analyze- /errorReport:prompt main.cpp
         main.cpp
     1>e:\myhub\newgame\tree\lookfortree\lookfortree\main.cpp(48): error C2679: 二进制“<<”: 没有找到接受“std::_String_iterator<_Mystr>”类型的右操作数的运算符(或没有可接受的转换)
                 with
                 [
                     _Mystr=std::_String_val<std::_Simple_types<char>>
                 ]
                 d:\program files (x86)\microsoft visual studio 11.0\vc\include\ostream(695): 可能是“std::basic_ostream<_Elem,_Traits> &std::operator <<<char,std::char_traits<char>>(std::basic_ostream<_Elem,_Traits> &,const char *)”
                 with
                 [
                     _Elem=char,
                     _Traits=std::char_traits<char>
                 ]
                 d:\program files (x86)\microsoft visual studio 11.0\vc\include\ostream(742): 或       “std::basic_ostream<_Elem,_Traits> &std::operator <<<char,std::char_traits<char>>(std::basic_ostream<_Elem,_Traits> &,char)”
                 with
                 [
                     _Elem=char,
                     _Traits=std::char_traits<char>
                 ]
                 d:\program files (x86)\microsoft visual studio 11.0\vc\include\ostream(780): 或       “std::basic_ostream<_Elem,_Traits> &std::operator <<<std::char_traits<char>>(std::basic_ostream<_Elem,_Traits> &,const char *)”
                 with
                 [
                     _Elem=char,
                     _Traits=std::char_traits<char>
                 ]
                 d:\program files (x86)\microsoft visual studio 11.0\vc\include\ostream(827): 或       “std::basic_ostream<_Elem,_Traits> &std::operator <<<std::char_traits<char>>(std::basic_ostream<_Elem,_Traits> &,char)”
                 with
                 [
                     _Elem=char,
                     _Traits=std::char_traits<char>
                 ]
                 d:\program files (x86)\microsoft visual studio 11.0\vc\include\ostream(953): 或       “std::basic_ostream<_Elem,_Traits> &std::operator <<<std::char_traits<char>>(std::basic_ostream<_Elem,_Traits> &,const signed char *)”
                 with
                 [
                     _Elem=char,
                     _Traits=std::char_traits<char>
                 ]
                 d:\program files (x86)\microsoft visual studio 11.0\vc\include\ostream(960): 或       “std::basic_ostream<_Elem,_Traits> &std::operator <<<std::char_traits<char>>(std::basic_ostream<_Elem,_Traits> &,signed char)”
                 with
                 [
                     _Elem=char,
                     _Traits=std::char_traits<char>
                 ]
                 d:\program files (x86)\microsoft visual studio 11.0\vc\include\ostream(967): 或       “std::basic_ostream<_Elem,_Traits> &std::operator <<<std::char_traits<char>>(std::basic_ostream<_Elem,_Traits> &,const unsigned char *)”
                 with
                 [
                     _Elem=char,
                     _Traits=std::char_traits<char>
                 ]
                 d:\program files (x86)\microsoft visual studio 11.0\vc\include\ostream(974): 或       “std::basic_ostream<_Elem,_Traits> &std::operator <<<std::char_traits<char>>(std::basic_ostream<_Elem,_Traits> &,unsigned char)”
                 with
                 [
                     _Elem=char,
                     _Traits=std::char_traits<char>
                 ]
                 d:\program files (x86)\microsoft visual studio 11.0\vc\include\ostream(984): 或       “std::basic_ostream<_Elem,_Traits> &std::operator <<<char,std::char_traits<char>,std::_String_iterator<_Mystr>>(std::basic_ostream<_Elem,_Traits> &&,const _Ty &)”
                 with
                 [
                     _Elem=char,
                     _Traits=std::char_traits<char>,
                     _Mystr=std::_String_val<std::_Simple_types<char>>,
                     _Ty=std::_String_iterator<std::_String_val<std::_Simple_types<char>>>
                 ]
                 d:\program files (x86)\microsoft visual studio 11.0\vc\include\ostream(1101): 或       “std::basic_ostream<_Elem,_Traits> &std::operator <<<char,std::char_traits<char>>(std::basic_ostream<_Elem,_Traits> &,const std::error_code &)”
                 with
                 [
                     _Elem=char,
                     _Traits=std::char_traits<char>
                 ]
                 d:\program files (x86)\microsoft visual studio 11.0\vc\include\ostream(201): 或       “std::basic_ostream<_Elem,_Traits> &std::basic_ostream<_Elem,_Traits>::operator <<(std::basic_ostream<_Elem,_Traits> &(__cdecl *)(std::basic_ostream<_Elem,_Traits> &))”
                 with
                 [
                     _Elem=char,
                     _Traits=std::char_traits<char>
                 ]
                 d:\program files (x86)\microsoft visual studio 11.0\vc\include\ostream(207): 或       “std::basic_ostream<_Elem,_Traits> &std::basic_ostream<_Elem,_Traits>::operator <<(std::basic_ios<_Elem,_Traits> &(__cdecl *)(std::basic_ios<_Elem,_Traits> &))”
                 with
                 [
                     _Elem=char,
                     _Traits=std::char_traits<char>
                 ]
                 d:\program files (x86)\microsoft visual studio 11.0\vc\include\ostream(214): 或       “std::basic_ostream<_Elem,_Traits> &std::basic_ostream<_Elem,_Traits>::operator <<(std::ios_base &(__cdecl *)(std::ios_base &))”
                 with
                 [
                     _Elem=char,
                     _Traits=std::char_traits<char>
                 ]
                 d:\program files (x86)\microsoft visual studio 11.0\vc\include\ostream(221): 或       “std::basic_ostream<_Elem,_Traits> &std::basic_ostream<_Elem,_Traits>::operator <<(std::_Bool)”
                 with
                 [
                     _Elem=char,
                     _Traits=std::char_traits<char>
                 ]
                 d:\program files (x86)\microsoft visual studio 11.0\vc\include\ostream(241): 或       “std::basic_ostream<_Elem,_Traits> &std::basic_ostream<_Elem,_Traits>::operator <<(short)”
                 with
                 [
                     _Elem=char,
                     _Traits=std::char_traits<char>
                 ]
                 d:\program files (x86)\microsoft visual studio 11.0\vc\include\ostream(275): 或       “std::basic_ostream<_Elem,_Traits> &std::basic_ostream<_Elem,_Traits>::operator <<(unsigned short)”
                 with
                 [
                     _Elem=char,
                     _Traits=std::char_traits<char>
                 ]
                 d:\program files (x86)\microsoft visual studio 11.0\vc\include\ostream(295): 或       “std::basic_ostream<_Elem,_Traits> &std::basic_ostream<_Elem,_Traits>::operator <<(int)”
                 with
                 [
                     _Elem=char,
                     _Traits=std::char_traits<char>
                 ]
                 d:\program files (x86)\microsoft visual studio 11.0\vc\include\ostream(320): 或       “std::basic_ostream<_Elem,_Traits> &std::basic_ostream<_Elem,_Traits>::operator <<(unsigned int)”
                 with
                 [
                     _Elem=char,
                     _Traits=std::char_traits<char>
                 ]
                 d:\program files (x86)\microsoft visual studio 11.0\vc\include\ostream(340): 或       “std::basic_ostream<_Elem,_Traits> &std::basic_ostream<_Elem,_Traits>::operator <<(long)”
                 with
                 [
                     _Elem=char,
                     _Traits=std::char_traits<char>
                 ]
                 d:\program files (x86)\microsoft visual studio 11.0\vc\include\ostream(360): 或       “std::basic_ostream<_Elem,_Traits> &std::basic_ostream<_Elem,_Traits>::operator <<(unsigned long)”
                 with
                 [
                     _Elem=char,
                     _Traits=std::char_traits<char>
                 ]
                 d:\program files (x86)\microsoft visual studio 11.0\vc\include\ostream(381): 或       “std::basic_ostream<_Elem,_Traits> &std::basic_ostream<_Elem,_Traits>::operator <<(__int64)”
                 with
                 [
                     _Elem=char,
                     _Traits=std::char_traits<char>
                 ]
                 d:\program files (x86)\microsoft visual studio 11.0\vc\include\ostream(401): 或       “std::basic_ostream<_Elem,_Traits> &std::basic_ostream<_Elem,_Traits>::operator <<(unsigned __int64)”
                 with
                 [
                     _Elem=char,
                     _Traits=std::char_traits<char>
                 ]
                 d:\program files (x86)\microsoft visual studio 11.0\vc\include\ostream(422): 或       “std::basic_ostream<_Elem,_Traits> &std::basic_ostream<_Elem,_Traits>::operator <<(float)”
                 with
                 [
                     _Elem=char,
                     _Traits=std::char_traits<char>
                 ]
                 d:\program files (x86)\microsoft visual studio 11.0\vc\include\ostream(442): 或       “std::basic_ostream<_Elem,_Traits> &std::basic_ostream<_Elem,_Traits>::operator <<(double)”
                 with
                 [
                     _Elem=char,
                     _Traits=std::char_traits<char>
                 ]
                 d:\program files (x86)\microsoft visual studio 11.0\vc\include\ostream(462): 或       “std::basic_ostream<_Elem,_Traits> &std::basic_ostream<_Elem,_Traits>::operator <<(long double)”
                 with
                 [
                     _Elem=char,
                     _Traits=std::char_traits<char>
                 ]
                 d:\program files (x86)\microsoft visual studio 11.0\vc\include\ostream(482): 或       “std::basic_ostream<_Elem,_Traits> &std::basic_ostream<_Elem,_Traits>::operator <<(const void *)”
                 with
                 [
                     _Elem=char,
                     _Traits=std::char_traits<char>
                 ]
                 d:\program files (x86)\microsoft visual studio 11.0\vc\include\ostream(502): 或       “std::basic_ostream<_Elem,_Traits> &std::basic_ostream<_Elem,_Traits>::operator <<(std::basic_streambuf<_Elem,_Traits> *)”
                 with
                 [
                     _Elem=char,
                     _Traits=std::char_traits<char>
                 ]
                 尝试匹配参数列表“(std::ostream, std::_String_iterator<_Mystr>)”时
                 with
                 [
                     _Mystr=std::_String_val<std::_Simple_types<char>>
                 ]
     1>已完成生成项目“E:\myhub\newGame\tree\lookForTree\lookForTree\lookForTree.vcxproj”(Build 个目标)的操作 - 失败。

生成失败。

已用时间 00:00:00.69
